<?xml version="1.0" encoding="UTF-8"?>
<!-- Generated by org.testng.reporters.JUnitReportReporter -->
<testsuite skipped="0" hostname="DESKTOP-INQUNRP" name="com.ChaseBankLocators.ChaseBankLocator" tests="1" failures="0" timestamp="2021-04-18T12:18:38 EDT" time="18.344" errors="0">
  <testcase name="signinTest" time="18.344" classname="com.ChaseBankLocators.ChaseBankLocator"/>
</testsuite> <!-- com.ChaseBankLocators.ChaseBankLocator -->
