<?xml version="1.0" encoding="UTF-8"?>
<!-- Generated by org.testng.reporters.JUnitReportReporter -->
<testsuite skipped="0" hostname="DESKTOP-INQUNRP" name="com.ChaseBankVariables.MethodInTestNg" tests="1" failures="0" timestamp="2021-04-03T20:53:34 EDT" time="0.281" errors="0">
  <testcase name="titleTest" time="0.281" classname="com.ChaseBankVariables.MethodInTestNg"/>
</testsuite> <!-- com.ChaseBankVariables.MethodInTestNg -->
