<?xml version="1.0" encoding="UTF-8"?>
<!-- Generated by org.testng.reporters.JUnitReportReporter -->
<testsuite skipped="1" hostname="DESKTOP-INQUNRP" name="com.ChaseBankreturnType.TestNgAttributes" tests="3" failures="0" timestamp="2021-04-11T20:08:44 EDT" time="2.873" errors="0">
  <testcase name="openApplication" time="2.856" classname="com.ChaseBankreturnType.TestNgAttributes"/>
  <testcase name="getTitle" time="0.017" classname="com.ChaseBankreturnType.TestNgAttributes"/>
  <testcase name="getUrl" classname="com.ChaseBankreturnType.TestNgAttributes">
    <skipped/>
  </testcase> <!-- getUrl -->
</testsuite> <!-- com.ChaseBankreturnType.TestNgAttributes -->
