<?xml version="1.0" encoding="UTF-8"?>
<!-- Generated by org.testng.reporters.JUnitReportReporter -->
<testsuite skipped="0" hostname="DESKTOP-INQUNRP" name="com.ChaseBankVariables.MixedVariables" tests="2" failures="0" timestamp="2021-04-03T12:38:07 EDT" time="2.804" errors="0">
  <testcase name="getTitle" time="0.008" classname="com.ChaseBankVariables.MixedVariables"/>
  <testcase name="openApplication" time="2.796" classname="com.ChaseBankVariables.MixedVariables"/>
</testsuite> <!-- com.ChaseBankVariables.MixedVariables -->
