<?xml version="1.0" encoding="UTF-8"?>
<!-- Generated by org.testng.reporters.JUnitReportReporter -->
<testsuite skipped="0" hostname="DESKTOP-INQUNRP" name="com.ChaseBankTestNgGroup.Group2" tests="2" failures="0" timestamp="2021-05-23T15:15:38 EDT" time="0.026" errors="0">
  <testcase name="loginTest" time="0.003" classname="com.ChaseBankTestNgGroup.Group2"/>
  <testcase name="dropdownTest" time="0.023" classname="com.ChaseBankTestNgGroup.Group2"/>
</testsuite> <!-- com.ChaseBankTestNgGroup.Group2 -->
