<?xml version="1.0" encoding="UTF-8"?>
<!-- Generated by org.testng.reporters.JUnitReportReporter -->
<testsuite hostname="DESKTOP-6ST94J7" failures="0" tests="5" name="com.ChaseBankRetunTypeSafa.TestNgAttributes" time="3.115" errors="0" timestamp="2021-04-12T01:03:12 EDT" skipped="0">
  <testcase classname="com.ChaseBankRetunTypeSafa.TestNgAttributes" name="openApplication" time="3.072"/>
  <testcase classname="com.ChaseBankRetunTypeSafa.TestNgAttributes" name="getUrl" time="0.009"/>
  <testcase classname="com.ChaseBankRetunTypeSafa.TestNgAttributes" name="getUrl" time="0.009"/>
  <testcase classname="com.ChaseBankRetunTypeSafa.TestNgAttributes" name="getUrl" time="0.015"/>
  <testcase classname="com.ChaseBankRetunTypeSafa.TestNgAttributes" name="getTitle" time="0.010"/>
</testsuite> <!-- com.ChaseBankRetunTypeSafa.TestNgAttributes -->
