<?xml version="1.0" encoding="UTF-8"?>
<!-- Generated by org.testng.reporters.JUnitReportReporter -->
<testsuite hostname="YOUNESSE" failures="0" tests="3" name="com.ChaseBankVariables.LocalVariables" time="29.780" errors="0" timestamp="2021-04-02T23:33:31 EDT" skipped="0">
  <testcase classname="com.ChaseBankVariables.LocalVariables" name="EdgeTest" time="11.943"/>
  <testcase classname="com.ChaseBankVariables.LocalVariables" name="fireFoxTest" time="13.013"/>
  <testcase classname="com.ChaseBankVariables.LocalVariables" name="chromeTest" time="4.824"/>
</testsuite> <!-- com.ChaseBankVariables.LocalVariables -->
