<?xml version="1.0" encoding="UTF-8"?>
<!-- Generated by org.testng.reporters.JUnitReportReporter -->
<testsuite hostname="DESKTOP-6ST94J7" failures="0" tests="1" name="com.ChaseBank.FirstTest" time="0.023" errors="0" timestamp="2021-04-04T14:31:56 EDT" skipped="0">
  <testcase classname="com.ChaseBank.FirstTest" name="sampaleTest" time="0.023"/>
</testsuite> <!-- com.ChaseBank.FirstTest -->
