<?xml version="1.0" encoding="UTF-8"?>
<!-- Generated by org.testng.reporters.JUnitReportReporter -->
<testsuite skipped="0" hostname="DESKTOP-INQUNRP" name="com.ChaseBankCSS.AdvanceCSS2" tests="1" failures="0" timestamp="2021-04-25T16:36:35 EDT" time="1.961" errors="0">
  <testcase name="directFirstChiledCSStest" time="1.961" classname="com.ChaseBankCSS.AdvanceCSS2"/>
</testsuite> <!-- com.ChaseBankCSS.AdvanceCSS2 -->
