<?xml version="1.0" encoding="UTF-8"?>
<!-- Generated by org.testng.reporters.JUnitReportReporter -->
<testsuite skipped="0" hostname="DESKTOP-INQUNRP" name="com.ChaseBankVariables.InstanceVariables" tests="2" failures="0" timestamp="2021-03-28T20:41:53 EDT" time="0.326" errors="0">
  <testcase name="getUrl" time="0.030" classname="com.ChaseBankVariables.InstanceVariables"/>
  <testcase name="getTitle" time="0.296" classname="com.ChaseBankVariables.InstanceVariables"/>
</testsuite> <!-- com.ChaseBankVariables.InstanceVariables -->
