<?xml version="1.0" encoding="UTF-8"?>
<!-- Generated by org.testng.reporters.JUnitReportReporter -->
<testsuite skipped="0" hostname="DESKTOP-INQUNRP" name="com.ChaseBankDropdown.DrowpdownBasics" tests="1" failures="0" timestamp="2021-05-01T15:46:23 EDT" time="1.804" errors="0">
  <testcase name="dropdownTest" time="1.804" classname="com.ChaseBankDropdown.DrowpdownBasics"/>
</testsuite> <!-- com.ChaseBankDropdown.DrowpdownBasics -->
