<?xml version="1.0" encoding="UTF-8"?>
<!-- Generated by org.testng.reporters.JUnitReportReporter -->
<testsuite skipped="1" hostname="SAJIDs-MBP.fios-router.home" name="com.ChaseBankReturnType.InbuiltReturnTypes" tests="3" failures="0" timestamp="2021-04-11T06:26:18 EDT" time="9.186" errors="0">
  <testcase name="openApplication" time="9.180" classname="com.ChaseBankReturnType.InbuiltReturnTypes"/>
  <testcase name="getTitle" time="0.006" classname="com.ChaseBankReturnType.InbuiltReturnTypes"/>
  <testcase name="getCurrentURL" classname="com.ChaseBankReturnType.InbuiltReturnTypes">
    <skipped/>
  </testcase> <!-- getCurrentURL -->
</testsuite> <!-- com.ChaseBankReturnType.InbuiltReturnTypes -->
