<?xml version="1.0" encoding="UTF-8"?>
<!-- Generated by org.testng.reporters.JUnitReportReporter -->
<testsuite skipped="0" hostname="DESKTOP-INQUNRP" name="com.ChaseBankLocatorsXpath.RegularXpath" tests="1" failures="0" timestamp="2021-04-18T16:35:03 EDT" time="0.053" errors="0">
  <testcase name="signinContainTextest" time="0.053" classname="com.ChaseBankLocatorsXpath.RegularXpath"/>
</testsuite> <!-- com.ChaseBankLocatorsXpath.RegularXpath -->
