<?xml version="1.0" encoding="UTF-8"?>
<!-- Generated by org.testng.reporters.JUnitReportReporter -->
<testsuite skipped="1" hostname="DESKTOP-INQUNRP" name="com.ChaseBankreturnType.SeleniumReturnTypeBasic" tests="3" failures="0" timestamp="2021-04-10T20:11:13 EDT" time="4.844" errors="0">
  <testcase name="openApplication" time="4.566" classname="com.ChaseBankreturnType.SeleniumReturnTypeBasic"/>
  <testcase name="getTitle" time="0.278" classname="com.ChaseBankreturnType.SeleniumReturnTypeBasic"/>
  <testcase name="getUrl" classname="com.ChaseBankreturnType.SeleniumReturnTypeBasic">
    <skipped/>
  </testcase> <!-- getUrl -->
</testsuite> <!-- com.ChaseBankreturnType.SeleniumReturnTypeBasic -->
