<?xml version="1.0" encoding="UTF-8"?>
<!-- Generated by org.testng.reporters.JUnitReportReporter -->
<testsuite skipped="0" hostname="DESKTOP-INQUNRP" name="com.ChaseBank.FirstTest" tests="1" failures="0" timestamp="2021-03-25T21:04:30 EDT" time="0.014" errors="0">
  <testcase name="sampaleTest" time="0.014" classname="com.ChaseBank.FirstTest"/>
</testsuite> <!-- com.ChaseBank.FirstTest -->
