<?xml version="1.0" encoding="UTF-8"?>
<!-- Generated by org.testng.reporters.JUnitReportReporter -->
<testsuite hostname="YOUNESSE" failures="0" tests="1" name="com.ChaseBankVariables.localVariable" time="5.812" errors="0" timestamp="2021-04-02T23:38:01 EDT" skipped="0">
  <testcase classname="com.ChaseBankVariables.localVariable" name="chrometest" time="5.812"/>
</testsuite> <!-- com.ChaseBankVariables.localVariable -->
