<?xml version="1.0" encoding="UTF-8"?>
<!-- Generated by org.testng.reporters.JUnitReportReporter -->
<testsuite skipped="0" hostname="DESKTOP-INQUNRP" name="com.ChaseBankTestNgListeners.Deposite" tests="4" failures="0" timestamp="2021-05-29T14:54:19 EDT" time="0.034" errors="0">
  <testcase name="selectAmountTest" time="0.021" classname="com.ChaseBankTestNgListeners.Deposite"/>
  <testcase name="confrimAmountTest" time="0.005" classname="com.ChaseBankTestNgListeners.Deposite"/>
  <testcase name="checkBalanceTest" time="0.004" classname="com.ChaseBankTestNgListeners.Deposite"/>
  <testcase name="logOutTest" time="0.004" classname="com.ChaseBankTestNgListeners.Deposite"/>
</testsuite> <!-- com.ChaseBankTestNgListeners.Deposite -->
