<?xml version="1.0" encoding="UTF-8"?>
<!-- Generated by org.testng.reporters.JUnitReportReporter -->
<testsuite skipped="0" hostname="DESKTOP-INQUNRP" name="com.ChaseBankCSS.XpathIndexing" tests="1" failures="0" timestamp="2021-04-25T15:14:05 EDT" time="3.577" errors="0">
  <testcase name="openApplication" time="3.577" classname="com.ChaseBankCSS.XpathIndexing"/>
</testsuite> <!-- com.ChaseBankCSS.XpathIndexing -->
