<?xml version="1.0" encoding="UTF-8"?>
<!-- Generated by org.testng.reporters.JUnitReportReporter -->
<testsuite skipped="0" hostname="DESKTOP-INQUNRP" name="com.ChaseBankCSS.RegularCSS" tests="3" failures="0" timestamp="2021-04-25T15:55:47 EDT" time="0.171" errors="0">
  <testcase name="regularCSStest" time="0.007" classname="com.ChaseBankCSS.RegularCSS"/>
  <testcase name="startsWithCSStest" time="0.001" classname="com.ChaseBankCSS.RegularCSS"/>
  <testcase name="endsWithCSStest" time="0.163" classname="com.ChaseBankCSS.RegularCSS"/>
</testsuite> <!-- com.ChaseBankCSS.RegularCSS -->
