<?xml version="1.0" encoding="UTF-8"?>
<!-- Generated by org.testng.reporters.JUnitReportReporter -->
<testsuite skipped="0" hostname="DESKTOP-INQUNRP" name="com.ChaseBankTestNgGroup.Group1" tests="1" failures="0" timestamp="2021-05-23T15:08:11 EDT" time="0.024" errors="0">
  <testcase name="loginTest" time="0.024" classname="com.ChaseBankTestNgGroup.Group1"/>
</testsuite> <!-- com.ChaseBankTestNgGroup.Group1 -->
