<?xml version="1.0" encoding="UTF-8"?>
<!-- Generated by org.testng.reporters.JUnitReportReporter -->
<testsuite skipped="0" hostname="DESKTOP-INQUNRP" name="com.ChaseBankLocators.RegularLocators" tests="1" failures="0" timestamp="2021-04-17T16:16:20 EDT" time="1.849" errors="0">
  <testcase name="signinTest" time="1.849" classname="com.ChaseBankLocators.RegularLocators"/>
</testsuite> <!-- com.ChaseBankLocators.RegularLocators -->
