<?xml version="1.0" encoding="UTF-8"?>
<!-- Generated by org.testng.reporters.JUnitReportReporter -->
<testsuite hostname="YOUNESSE" failures="0" tests="3" name="com.ChaseBankVariables.LocalVariables" time="45.976" errors="0" timestamp="2021-04-02T00:02:33 EDT" skipped="0">
  <testcase classname="com.ChaseBankVariables.LocalVariables" name="fireFoxTest" time="23.721"/>
  <testcase classname="com.ChaseBankVariables.LocalVariables" name="chromeTest" time="5.887"/>
  <testcase classname="com.ChaseBankVariables.LocalVariables" name="EdgeTest" time="16.368"/>
</testsuite> <!-- com.ChaseBankVariables.LocalVariables -->
