<?xml version="1.0" encoding="UTF-8"?>
<!-- Generated by org.testng.reporters.JUnitReportReporter -->
<testsuite skipped="0" hostname="DESKTOP-INQUNRP" name="com.ChaseBankVariables.StaticVariables" tests="2" failures="0" timestamp="2021-03-28T21:02:58 EDT" time="0.045" errors="0">
  <testcase name="getUrl" time="0.011" classname="com.ChaseBankVariables.StaticVariables"/>
  <testcase name="getTitle" time="0.034" classname="com.ChaseBankVariables.StaticVariables"/>
</testsuite> <!-- com.ChaseBankVariables.StaticVariables -->
